<?xml version="1.0" encoding="UTF-8"?>
<coverage generated="1488931584">
  <project timestamp="1488931584">
    <package name="MWPackagist">
      <file name="/media/pierre/Data/www/mwpackagist/classes/Repository.php">
        <class name="Repository" namespace="MWPackagist">
          <metrics complexity="17" methods="5" coveredmethods="4" conditionals="0" coveredconditionals="0" statements="69" coveredstatements="68" elements="74" coveredelements="72"/>
        </class>
        <line num="32" type="method" name="__construct" visibility="public" complexity="2" crap="2" count="2"/>
        <line num="34" type="stmt" count="2"/>
        <line num="35" type="stmt" count="2"/>
        <line num="36" type="stmt" count="2"/>
        <line num="37" type="stmt" count="2"/>
        <line num="38" type="stmt" count="2"/>
        <line num="40" type="stmt" count="2"/>
        <line num="50" type="method" name="convertVersion" visibility="private" complexity="2" crap="2" count="2"/>
        <line num="52" type="stmt" count="2"/>
        <line num="53" type="stmt" count="2"/>
        <line num="55" type="stmt" count="2"/>
        <line num="56" type="stmt" count="2"/>
        <line num="58" type="stmt" count="2"/>
        <line num="72" type="method" name="getPackages" visibility="private" complexity="9" crap="9" count="2"/>
        <line num="74" type="stmt" count="2"/>
        <line num="75" type="stmt" count="2"/>
        <line num="77" type="stmt" count="2"/>
        <line num="79" type="stmt" count="2"/>
        <line num="80" type="stmt" count="1"/>
        <line num="82" type="stmt" count="1"/>
        <line num="83" type="stmt" count="1"/>
        <line num="84" type="stmt" count="1"/>
        <line num="85" type="stmt" count="1"/>
        <line num="87" type="stmt" count="1"/>
        <line num="89" type="stmt" count="1"/>
        <line num="90" type="stmt" count="1"/>
        <line num="92" type="stmt" count="2"/>
        <line num="93" type="stmt" count="2"/>
        <line num="94" type="stmt" count="2"/>
        <line num="95" type="stmt" count="2"/>
        <line num="96" type="stmt" count="2"/>
        <line num="97" type="stmt" count="2"/>
        <line num="98" type="stmt" count="2"/>
        <line num="100" type="stmt" count="2"/>
        <line num="102" type="stmt" count="2"/>
        <line num="103" type="stmt" count="2"/>
        <line num="104" type="stmt" count="2"/>
        <line num="105" type="stmt" count="2"/>
        <line num="106" type="stmt" count="2"/>
        <line num="107" type="stmt" count="2"/>
        <line num="110" type="stmt" count="2"/>
        <line num="111" type="stmt" count="2"/>
        <line num="113" type="stmt" count="2"/>
        <line num="117" type="stmt" count="2"/>
        <line num="119" type="stmt" count="2"/>
        <line num="120" type="stmt" count="2"/>
        <line num="121" type="stmt" count="2"/>
        <line num="124" type="stmt" count="2"/>
        <line num="129" type="stmt" count="2"/>
        <line num="132" type="stmt" count="2"/>
        <line num="144" type="method" name="getAllPackages" visibility="private" complexity="2" crap="2" count="2"/>
        <line num="146" type="stmt" count="2"/>
        <line num="147" type="stmt" count="2"/>
        <line num="148" type="stmt" count="2"/>
        <line num="149" type="stmt" count="2"/>
        <line num="150" type="stmt" count="2"/>
        <line num="151" type="stmt" count="2"/>
        <line num="154" type="stmt" count="2"/>
        <line num="164" type="method" name="getJSON" visibility="public" complexity="2" crap="2.00" count="2"/>
        <line num="166" type="stmt" count="2"/>
        <line num="167" type="stmt" count="2"/>
        <line num="169" type="stmt" count="2"/>
        <line num="172" type="stmt" count="2"/>
        <line num="173" type="stmt" count="2"/>
        <line num="175" type="stmt" count="2"/>
        <line num="176" type="stmt" count="2"/>
        <line num="177" type="stmt" count="2"/>
        <line num="178" type="stmt" count="2"/>
        <line num="180" type="stmt" count="2"/>
        <line num="181" type="stmt" count="2"/>
        <line num="182" type="stmt" count="2"/>
        <line num="183" type="stmt" count="0"/>
        <line num="186" type="stmt" count="2"/>
        <line num="188" type="stmt" count="2"/>
        <metrics loc="192" ncloc="137" classes="1" methods="5" coveredmethods="4" conditionals="0" coveredconditionals="0" statements="69" coveredstatements="68" elements="74" coveredelements="72"/>
      </file>
    </package>
    <metrics files="1" loc="192" ncloc="137" classes="1" methods="5" coveredmethods="4" conditionals="0" coveredconditionals="0" statements="69" coveredstatements="68" elements="74" coveredelements="72"/>
  </project>
</coverage>
